<?xml version="1.0" encoding="UTF-8"?>
<!-- Generated by org.testng.reporters.JUnitXMLReporter -->
<testsuite ignored="0" hostname="DESKTOP-A2SGV3Q" failures="0" tests="3" name="Test" time="32.63" errors="0" timestamp="2024-04-04T22:43:29 CDT">
  <testcase classname="LambdatestAssessment.LambdatestAssessment.Test_Scenario1" name="Scenario1" time="4.878"/>
  <testcase classname="LambdatestAssessment.LambdatestAssessment.Test_Scenario2" name="Scenario2" time="5.018"/>
  <testcase classname="LambdatestAssessment.LambdatestAssessment.Test_Scenario3" name="scenario3" time="8.227"/>
</testsuite> <!-- Test -->
