<?xml version="1.0" encoding="UTF-8"?>
<!-- Generated by org.testng.reporters.JUnitXMLReporter -->
<testsuite ignored="0" hostname="DESKTOP-A2SGV3Q" failures="0" tests="3" name="Test3" time="15.052" errors="0" timestamp="2024-05-14T12:57:02 CDT">
  <testcase classname="TESTNGASSESSMENT_LT.TESTNGASSESSMENT_LT.Scenario1" name="TestScenario1" time="0.451"/>
  <testcase classname="TESTNGASSESSMENT_LT.TESTNGASSESSMENT_LT.Scenario1" name="TestScenario2" time="2.567"/>
  <testcase classname="TESTNGASSESSMENT_LT.TESTNGASSESSMENT_LT.Scenario1" name="test3" time="1.847"/>
</testsuite> <!-- Test3 -->
