<?xml version="1.0" encoding="UTF-8"?>
<!-- Generated by org.testng.reporters.JUnitXMLReporter -->
<testsuite ignored="0" hostname="DESKTOP-A2SGV3Q" failures="0" tests="3" name="Test4" time="4.518" errors="0" timestamp="2024-05-14T11:46:20 CDT">
  <testcase classname="TESTNGASSESSMENT_LT.TESTNGASSESSMENT_LT.Scenario1" name="TestScenario1" time="0.001">
    <skipped/>
  </testcase> <!-- TestScenario1 -->
  <testcase classname="TESTNGASSESSMENT_LT.TESTNGASSESSMENT_LT.Scenario1" name="TestScenario2" time="0.001">
    <skipped/>
  </testcase> <!-- TestScenario2 -->
  <testcase classname="TESTNGASSESSMENT_LT.TESTNGASSESSMENT_LT.Scenario1" name="test3" time="0.0">
    <skipped/>
  </testcase> <!-- test3 -->
</testsuite> <!-- Test4 -->
