<?xml version="1.0" encoding="UTF-8"?>
<!-- Generated by org.testng.reporters.JUnitXMLReporter -->
<testsuite ignored="0" hostname="DESKTOP-A2SGV3Q" failures="0" tests="3" name="Test" time="21.932" errors="0" timestamp="2024-05-14T12:56:14 CDT">
  <testcase classname="TESTNGASSESSMENT_LT.TESTNGASSESSMENT_LT.Scenario1" name="TestScenario1" time="0.457"/>
  <testcase classname="TESTNGASSESSMENT_LT.TESTNGASSESSMENT_LT.Scenario1" name="TestScenario2" time="3.562"/>
  <testcase classname="TESTNGASSESSMENT_LT.TESTNGASSESSMENT_LT.Scenario1" name="test3" time="3.203"/>
</testsuite> <!-- Test -->
