<?xml version="1.0" encoding="UTF-8"?>
<!-- Generated by org.testng.reporters.JUnitXMLReporter -->
<testsuite ignored="0" hostname="DESKTOP-A2SGV3Q" failures="0" tests="3" name="TestngTest2" time="200.978" errors="0" timestamp="2024-05-14T21:47:50 CDT">
  <testcase classname="TESTNGASSESSMENT_LT.TESTNGASSESSMENT_LT.TestScenario3" name="test3" time="0.0">
    <skipped/>
  </testcase> <!-- test3 -->
  <testcase classname="TESTNGASSESSMENT_LT.TESTNGASSESSMENT_LT.TestScenario1" name="TestScenario1" time="0.0">
    <skipped/>
  </testcase> <!-- TestScenario1 -->
  <testcase classname="TESTNGASSESSMENT_LT.TESTNGASSESSMENT_LT.TestScenario2" name="TestScenario2" time="0.0">
    <skipped/>
  </testcase> <!-- TestScenario2 -->
</testsuite> <!-- TestngTest2 -->
