<?xml version="1.0" encoding="UTF-8"?>
<!-- Generated by org.testng.reporters.JUnitXMLReporter -->
<testsuite ignored="0" hostname="DESKTOP-A2SGV3Q" failures="0" tests="3" name="TestngTest" time="37.368" errors="0" timestamp="2024-05-16T14:48:01 CDT">
  <testcase classname="TESTNGASSESSMENT_LT.TESTNGASSESSMENT_LT.TestScenario3" name="TestScenario3" time="2.888"/>
  <testcase classname="TESTNGASSESSMENT_LT.TESTNGASSESSMENT_LT.TestScenario1" name="Scenario1" time="0.44"/>
  <testcase classname="TESTNGASSESSMENT_LT.TESTNGASSESSMENT_LT.TestScenario2" name="TestScenario2" time="4.356"/>
</testsuite> <!-- TestngTest -->
