<?xml version="1.0" encoding="UTF-8"?>
<!-- Generated by org.testng.reporters.JUnitXMLReporter -->
<testsuite ignored="0" hostname="DESKTOP-A2SGV3Q" failures="0" tests="3" name="LT_Sel_Test" time="28.677" errors="0" timestamp="2024-04-05T12:54:25 CDT">
  <testcase classname="LambdatestAssessment.LambdatestAssessment.Test_Scenario2" name="Scenario2" time="4.901"/>
  <testcase classname="LambdatestAssessment.LambdatestAssessment.Test_Scenario3" name="scenario3" time="9.394"/>
  <testcase classname="LambdatestAssessment.LambdatestAssessment.Test_Scenario1" name="Scenario1" time="4.351"/>
</testsuite> <!-- LT_Sel_Test -->
